[debug] [2023-11-17T16:35:32.240Z] ----------------------------------------------------------------------
[debug] [2023-11-17T16:35:32.241Z] Command:       /usr/bin/node /usr/bin/firebase serve
[debug] [2023-11-17T16:35:32.241Z] CLI Version:   12.8.1
[debug] [2023-11-17T16:35:32.241Z] Platform:      linux
[debug] [2023-11-17T16:35:32.241Z] Node Version:  v18.17.1
[debug] [2023-11-17T16:35:32.241Z] Time:          Fri Nov 17 2023 16:35:32 GMT+0000 (Greenwich Mean Time)
[debug] [2023-11-17T16:35:32.242Z] ----------------------------------------------------------------------
[debug] 
[debug] [2023-11-17T16:35:32.298Z] > command requires scopes: ["email","openid","https://www.googleapis.com/auth/cloudplatformprojects.readonly","https://www.googleapis.com/auth/firebase","https://www.googleapis.com/auth/cloud-platform"]
[debug] [2023-11-17T16:35:32.299Z] > authorizing via signed-in user (10773834@cityplym.ac.uk)
[debug] [2023-11-17T16:35:32.299Z] [iam] checking project fir-auth-ec4d7 for permissions ["firebase.projects.get"]
[debug] [2023-11-17T16:35:32.299Z] > refreshing access token with scopes: []
[debug] [2023-11-17T16:35:32.300Z] >>> [apiv2][query] POST https://www.googleapis.com/oauth2/v3/token [none]
[debug] [2023-11-17T16:35:32.300Z] >>> [apiv2][body] POST https://www.googleapis.com/oauth2/v3/token [omitted]
[debug] [2023-11-17T16:35:32.448Z] <<< [apiv2][status] POST https://www.googleapis.com/oauth2/v3/token 400
[debug] [2023-11-17T16:35:32.449Z] <<< [apiv2][body] POST https://www.googleapis.com/oauth2/v3/token [omitted]
[debug] [2023-11-17T16:35:32.449Z] >>> [apiv2][query] POST https://cloudresourcemanager.googleapis.com/v1/projects/fir-auth-ec4d7:testIamPermissions [none]
[debug] [2023-11-17T16:35:32.449Z] >>> [apiv2][(partial)header] POST https://cloudresourcemanager.googleapis.com/v1/projects/fir-auth-ec4d7:testIamPermissions x-goog-quota-user=projects/fir-auth-ec4d7
[debug] [2023-11-17T16:35:32.449Z] >>> [apiv2][body] POST https://cloudresourcemanager.googleapis.com/v1/projects/fir-auth-ec4d7:testIamPermissions {"permissions":["firebase.projects.get"]}
[debug] [2023-11-17T16:35:33.147Z] <<< [apiv2][status] POST https://cloudresourcemanager.googleapis.com/v1/projects/fir-auth-ec4d7:testIamPermissions 401
[debug] [2023-11-17T16:35:33.147Z] <<< [apiv2][body] POST https://cloudresourcemanager.googleapis.com/v1/projects/fir-auth-ec4d7:testIamPermissions {"error":{"code":401,"message":"Request had invalid authentication credentials. Expected OAuth 2 access token, login cookie or other valid authentication credential. See https://developers.google.com/identity/sign-in/web/devconsole-project.","status":"UNAUTHENTICATED","details":[{"@type":"type.googleapis.com/google.rpc.ErrorInfo","reason":"ACCESS_TOKEN_TYPE_UNSUPPORTED","metadata":{"service":"cloudresourcemanager.googleapis.com","method":"google.cloudresourcemanager.v1.Projects.TestIamPermissions"}}]}}
[debug] [2023-11-17T16:35:33.148Z] [iam] error while checking permissions, command may fail: FirebaseError: HTTP Error: 401, Request had invalid authentication credentials. Expected OAuth 2 access token, login cookie or other valid authentication credential. See https://developers.google.com/identity/sign-in/web/devconsole-project.
[debug] [2023-11-17T16:35:33.148Z] > refreshing access token with scopes: []
[debug] [2023-11-17T16:35:33.149Z] >>> [apiv2][query] POST https://www.googleapis.com/oauth2/v3/token [none]
[debug] [2023-11-17T16:35:33.149Z] >>> [apiv2][body] POST https://www.googleapis.com/oauth2/v3/token [omitted]
[debug] [2023-11-17T16:35:33.283Z] <<< [apiv2][status] POST https://www.googleapis.com/oauth2/v3/token 400
[debug] [2023-11-17T16:35:33.283Z] <<< [apiv2][body] POST https://www.googleapis.com/oauth2/v3/token [omitted]
[debug] [2023-11-17T16:35:33.283Z] >>> [apiv2][query] GET https://firebase.googleapis.com/v1beta1/projects/fir-auth-ec4d7 [none]
[debug] [2023-11-17T16:35:33.439Z] <<< [apiv2][status] GET https://firebase.googleapis.com/v1beta1/projects/fir-auth-ec4d7 401
[debug] [2023-11-17T16:35:33.439Z] <<< [apiv2][body] GET https://firebase.googleapis.com/v1beta1/projects/fir-auth-ec4d7 {"error":{"code":401,"message":"Request had invalid authentication credentials. Expected OAuth 2 access token, login cookie or other valid authentication credential. See https://developers.google.com/identity/sign-in/web/devconsole-project.","status":"UNAUTHENTICATED"}}
[debug] [2023-11-17T16:35:33.439Z] HTTP Error: 401, Request had invalid authentication credentials. Expected OAuth 2 access token, login cookie or other valid authentication credential. See https://developers.google.com/identity/sign-in/web/devconsole-project.
[debug] [2023-11-17T16:35:33.537Z] FirebaseError: HTTP Error: 401, Request had invalid authentication credentials. Expected OAuth 2 access token, login cookie or other valid authentication credential. See https://developers.google.com/identity/sign-in/web/devconsole-project.
    at responseToError (/usr/lib/node_modules/firebase-tools/lib/responseToError.js:49:12)
    at RetryOperation._fn (/usr/lib/node_modules/firebase-tools/lib/apiv2.js:285:77)
    at process.processTicksAndRejections (node:internal/process/task_queues:95:5)
[error] 
[error] Error: Failed to get Firebase project fir-auth-ec4d7. Please make sure the project exists and your account has permission to access it.
[debug] [2023-11-17T16:35:44.798Z] ----------------------------------------------------------------------
[debug] [2023-11-17T16:35:44.799Z] Command:       /usr/bin/node /usr/bin/firebase deploy
[debug] [2023-11-17T16:35:44.799Z] CLI Version:   12.8.1
[debug] [2023-11-17T16:35:44.800Z] Platform:      linux
[debug] [2023-11-17T16:35:44.800Z] Node Version:  v18.17.1
[debug] [2023-11-17T16:35:44.800Z] Time:          Fri Nov 17 2023 16:35:44 GMT+0000 (Greenwich Mean Time)
[debug] [2023-11-17T16:35:44.800Z] ----------------------------------------------------------------------
[debug] 
[debug] [2023-11-17T16:35:44.838Z] > command requires scopes: ["email","openid","https://www.googleapis.com/auth/cloudplatformprojects.readonly","https://www.googleapis.com/auth/firebase","https://www.googleapis.com/auth/cloud-platform"]
[debug] [2023-11-17T16:35:44.838Z] > authorizing via signed-in user (10773834@cityplym.ac.uk)
[debug] [2023-11-17T16:35:44.838Z] [iam] checking project fir-auth-ec4d7 for permissions ["firebase.projects.get","firebasehosting.sites.update"]
[debug] [2023-11-17T16:35:44.839Z] > refreshing access token with scopes: []
[debug] [2023-11-17T16:35:44.840Z] >>> [apiv2][query] POST https://www.googleapis.com/oauth2/v3/token [none]
[debug] [2023-11-17T16:35:44.840Z] >>> [apiv2][body] POST https://www.googleapis.com/oauth2/v3/token [omitted]
[debug] [2023-11-17T16:35:44.988Z] <<< [apiv2][status] POST https://www.googleapis.com/oauth2/v3/token 400
[debug] [2023-11-17T16:35:44.988Z] <<< [apiv2][body] POST https://www.googleapis.com/oauth2/v3/token [omitted]
[debug] [2023-11-17T16:35:44.988Z] >>> [apiv2][query] POST https://cloudresourcemanager.googleapis.com/v1/projects/fir-auth-ec4d7:testIamPermissions [none]
[debug] [2023-11-17T16:35:44.988Z] >>> [apiv2][(partial)header] POST https://cloudresourcemanager.googleapis.com/v1/projects/fir-auth-ec4d7:testIamPermissions x-goog-quota-user=projects/fir-auth-ec4d7
[debug] [2023-11-17T16:35:44.988Z] >>> [apiv2][body] POST https://cloudresourcemanager.googleapis.com/v1/projects/fir-auth-ec4d7:testIamPermissions {"permissions":["firebase.projects.get","firebasehosting.sites.update"]}
[debug] [2023-11-17T16:35:45.679Z] <<< [apiv2][status] POST https://cloudresourcemanager.googleapis.com/v1/projects/fir-auth-ec4d7:testIamPermissions 401
[debug] [2023-11-17T16:35:45.680Z] <<< [apiv2][body] POST https://cloudresourcemanager.googleapis.com/v1/projects/fir-auth-ec4d7:testIamPermissions {"error":{"code":401,"message":"Request had invalid authentication credentials. Expected OAuth 2 access token, login cookie or other valid authentication credential. See https://developers.google.com/identity/sign-in/web/devconsole-project.","status":"UNAUTHENTICATED","details":[{"@type":"type.googleapis.com/google.rpc.ErrorInfo","reason":"ACCESS_TOKEN_TYPE_UNSUPPORTED","metadata":{"service":"cloudresourcemanager.googleapis.com","method":"google.cloudresourcemanager.v1.Projects.TestIamPermissions"}}]}}
[debug] [2023-11-17T16:35:45.680Z] [iam] error while checking permissions, command may fail: FirebaseError: HTTP Error: 401, Request had invalid authentication credentials. Expected OAuth 2 access token, login cookie or other valid authentication credential. See https://developers.google.com/identity/sign-in/web/devconsole-project.
[debug] [2023-11-17T16:35:45.681Z] > refreshing access token with scopes: []
[debug] [2023-11-17T16:35:45.681Z] >>> [apiv2][query] POST https://www.googleapis.com/oauth2/v3/token [none]
[debug] [2023-11-17T16:35:45.681Z] >>> [apiv2][body] POST https://www.googleapis.com/oauth2/v3/token [omitted]
[debug] [2023-11-17T16:35:45.822Z] <<< [apiv2][status] POST https://www.googleapis.com/oauth2/v3/token 400
[debug] [2023-11-17T16:35:45.823Z] <<< [apiv2][body] POST https://www.googleapis.com/oauth2/v3/token [omitted]
[debug] [2023-11-17T16:35:45.823Z] >>> [apiv2][query] GET https://firebase.googleapis.com/v1beta1/projects/fir-auth-ec4d7 [none]
[debug] [2023-11-17T16:35:46.152Z] <<< [apiv2][status] GET https://firebase.googleapis.com/v1beta1/projects/fir-auth-ec4d7 401
[debug] [2023-11-17T16:35:46.152Z] <<< [apiv2][body] GET https://firebase.googleapis.com/v1beta1/projects/fir-auth-ec4d7 {"error":{"code":401,"message":"Request had invalid authentication credentials. Expected OAuth 2 access token, login cookie or other valid authentication credential. See https://developers.google.com/identity/sign-in/web/devconsole-project.","status":"UNAUTHENTICATED"}}
[debug] [2023-11-17T16:35:46.153Z] HTTP Error: 401, Request had invalid authentication credentials. Expected OAuth 2 access token, login cookie or other valid authentication credential. See https://developers.google.com/identity/sign-in/web/devconsole-project.
[debug] [2023-11-17T16:35:46.241Z] FirebaseError: HTTP Error: 401, Request had invalid authentication credentials. Expected OAuth 2 access token, login cookie or other valid authentication credential. See https://developers.google.com/identity/sign-in/web/devconsole-project.
    at responseToError (/usr/lib/node_modules/firebase-tools/lib/responseToError.js:49:12)
    at RetryOperation._fn (/usr/lib/node_modules/firebase-tools/lib/apiv2.js:285:77)
    at process.processTicksAndRejections (node:internal/process/task_queues:95:5)
[error] 
[error] Error: Failed to get Firebase project fir-auth-ec4d7. Please make sure the project exists and your account has permission to access it.
